[0.011s] Invoking command in '/home/alberto/assegnamento_PSE/assegnamento-nov-dic-2022-alberto-piccina/ros_ws/build/rover': AMENT_PREFIX_PATH=/home/alberto/assegnamento_PSE/assegnamento-nov-dic-2022-alberto-piccina/ros_ws/install/rover_visualizer:${AMENT_PREFIX_PATH} CMAKE_PREFIX_PATH=/home/alberto/assegnamento_PSE/assegnamento-nov-dic-2022-alberto-piccina/ros_ws/install/rover_visualizer:/opt/ros/humble LD_LIBRARY_PATH=/home/alberto/assegnamento_PSE/assegnamento-nov-dic-2022-alberto-piccina/ros_ws/install/rover_visualizer/lib:${LD_LIBRARY_PATH} PYTHONPATH=/home/alberto/assegnamento_PSE/assegnamento-nov-dic-2022-alberto-piccina/ros_ws/install/rover_visualizer/local/lib/python3.10/dist-packages:${PYTHONPATH} /usr/bin/cmake /home/alberto/assegnamento_PSE/assegnamento-nov-dic-2022-alberto-piccina/ros_ws/src/rover -DCMAKE_INSTALL_PREFIX=/home/alberto/assegnamento_PSE/assegnamento-nov-dic-2022-alberto-piccina/ros_ws/install/rover
[0.029s] -- Found ament_cmake: 1.3.3 (/opt/ros/humble/share/ament_cmake/cmake)
[0.138s] -- Override CMake install command with custom implementation using symlinks instead of copying resources
[0.211s] -- Found rclcpp: 16.0.2 (/opt/ros/humble/share/rclcpp/cmake)
[0.240s] -- Found rosidl_generator_c: 3.1.4 (/opt/ros/humble/share/rosidl_generator_c/cmake)
[0.242s] -- Found rosidl_adapter: 3.1.4 (/opt/ros/humble/share/rosidl_adapter/cmake)
[0.247s] -- Found rosidl_generator_cpp: 3.1.4 (/opt/ros/humble/share/rosidl_generator_cpp/cmake)
[0.257s] -- Using all available rosidl_typesupport_c: rosidl_typesupport_fastrtps_c;rosidl_typesupport_introspection_c
[0.272s] -- Using all available rosidl_typesupport_cpp: rosidl_typesupport_fastrtps_cpp;rosidl_typesupport_introspection_cpp
[0.330s] -- Found rmw_implementation_cmake: 6.1.1 (/opt/ros/humble/share/rmw_implementation_cmake/cmake)
[0.331s] -- Found rmw_fastrtps_cpp: 6.2.2 (/opt/ros/humble/share/rmw_fastrtps_cpp/cmake)
[0.438s] -- Using RMW implementation 'rmw_fastrtps_cpp' as default
[0.596s] -- Found geometry_msgs: 4.2.2 (/opt/ros/humble/share/geometry_msgs/cmake)
[0.639s] -- Found rover_visualizer: 0.0.0 (/home/alberto/assegnamento_PSE/assegnamento-nov-dic-2022-alberto-piccina/ros_ws/install/rover_visualizer/share/rover_visualizer/cmake)
[1.096s] -- Configuring done
[1.112s] -- Generating done
[1.115s] -- Build files have been written to: /home/alberto/assegnamento_PSE/assegnamento-nov-dic-2022-alberto-piccina/ros_ws/build/rover
[1.124s] Invoked command in '/home/alberto/assegnamento_PSE/assegnamento-nov-dic-2022-alberto-piccina/ros_ws/build/rover' returned '0': AMENT_PREFIX_PATH=/home/alberto/assegnamento_PSE/assegnamento-nov-dic-2022-alberto-piccina/ros_ws/install/rover_visualizer:${AMENT_PREFIX_PATH} CMAKE_PREFIX_PATH=/home/alberto/assegnamento_PSE/assegnamento-nov-dic-2022-alberto-piccina/ros_ws/install/rover_visualizer:/opt/ros/humble LD_LIBRARY_PATH=/home/alberto/assegnamento_PSE/assegnamento-nov-dic-2022-alberto-piccina/ros_ws/install/rover_visualizer/lib:${LD_LIBRARY_PATH} PYTHONPATH=/home/alberto/assegnamento_PSE/assegnamento-nov-dic-2022-alberto-piccina/ros_ws/install/rover_visualizer/local/lib/python3.10/dist-packages:${PYTHONPATH} /usr/bin/cmake /home/alberto/assegnamento_PSE/assegnamento-nov-dic-2022-alberto-piccina/ros_ws/src/rover -DCMAKE_INSTALL_PREFIX=/home/alberto/assegnamento_PSE/assegnamento-nov-dic-2022-alberto-piccina/ros_ws/install/rover
[1.125s] Invoking command in '/home/alberto/assegnamento_PSE/assegnamento-nov-dic-2022-alberto-piccina/ros_ws/build/rover': AMENT_PREFIX_PATH=/home/alberto/assegnamento_PSE/assegnamento-nov-dic-2022-alberto-piccina/ros_ws/install/rover_visualizer:${AMENT_PREFIX_PATH} CMAKE_PREFIX_PATH=/home/alberto/assegnamento_PSE/assegnamento-nov-dic-2022-alberto-piccina/ros_ws/install/rover_visualizer:/opt/ros/humble LD_LIBRARY_PATH=/home/alberto/assegnamento_PSE/assegnamento-nov-dic-2022-alberto-piccina/ros_ws/install/rover_visualizer/lib:${LD_LIBRARY_PATH} PYTHONPATH=/home/alberto/assegnamento_PSE/assegnamento-nov-dic-2022-alberto-piccina/ros_ws/install/rover_visualizer/local/lib/python3.10/dist-packages:${PYTHONPATH} /usr/bin/cmake --build /home/alberto/assegnamento_PSE/assegnamento-nov-dic-2022-alberto-piccina/ros_ws/build/rover -- -j6 -l6
[1.170s] [35m[1mConsolidate compiler generated dependencies of target rover_node[0m
[1.197s] [ 33%] [32mBuilding CXX object CMakeFiles/rover_node.dir/src/publisher.cpp.o[0m
[1.197s] [ 33%] [32mBuilding CXX object CMakeFiles/rover_node.dir/src/main.cpp.o[0m
[3.785s] In file included from [01m[K/home/alberto/assegnamento_PSE/assegnamento-nov-dic-2022-alberto-piccina/ros_ws/src/rover/src/publisher.cpp:2[m[K:
[3.785s] [01m[K/home/alberto/assegnamento_PSE/assegnamento-nov-dic-2022-alberto-piccina/ros_ws/src/rover/include/rover/publisher.h:[m[K In constructor â€˜[01m[KRover::Rover(Robot, Server, int, double)[m[Kâ€™:
[3.785s] [01m[K/home/alberto/assegnamento_PSE/assegnamento-nov-dic-2022-alberto-piccina/ros_ws/src/rover/include/rover/publisher.h:30:10:[m[K [01;35m[Kwarning: [m[Kâ€˜[01m[KRover::speed_[m[Kâ€™ will be initialized after [[01;35m[K]8;;https://gcc.gnu.org/onlinedocs/gcc/Warning-Options.html#index-Wreorder-Wreorder]8;;[m[K]
[3.785s]    30 |   double [01;35m[Kspeed_[m[K{0.};
[3.785s]       |          [01;35m[K^~~~~~[m[K
[3.785s] [01m[K/home/alberto/assegnamento_PSE/assegnamento-nov-dic-2022-alberto-piccina/ros_ws/src/rover/include/rover/publisher.h:28:9:[m[K [01;35m[Kwarning: [m[K  â€˜[01m[KRobot Rover::robot_[m[Kâ€™ [[01;35m[K]8;;https://gcc.gnu.org/onlinedocs/gcc/Warning-Options.html#index-Wreorder-Wreorder]8;;[m[K]
[3.786s]    28 |   Robot [01;35m[Krobot_[m[K;
[3.786s]       |         [01;35m[K^~~~~~[m[K
[3.786s] [01m[K/home/alberto/assegnamento_PSE/assegnamento-nov-dic-2022-alberto-piccina/ros_ws/src/rover/src/publisher.cpp:12:1:[m[K [01;35m[Kwarning: [m[K  when initialized here [[01;35m[K]8;;https://gcc.gnu.org/onlinedocs/gcc/Warning-Options.html#index-Wreorder-Wreorder]8;;[m[K]
[3.786s]    12 | [01;35m[KRover[m[K::Rover(Robot robot, Server monitor, int id, double speed)
[3.786s]       | [01;35m[K^~~~~[m[K
[3.786s] [01m[K/home/alberto/assegnamento_PSE/assegnamento-nov-dic-2022-alberto-piccina/ros_ws/src/rover/src/publisher.cpp:13:50:[m[K [01;31m[Kerror: [m[Kuse of deleted function â€˜[01m[KServer::Server(const Server&)[m[Kâ€™
[3.786s]    13 |         : id_(id), speed_(speed), robot_{robot}, [01;31m[Kmonitor_{monitor}[m[K
[3.786s]       |                                                  [01;31m[K^~~~~~~~~~~~~~~~~[m[K
[3.786s] In file included from [01m[K/home/alberto/assegnamento_PSE/assegnamento-nov-dic-2022-alberto-piccina/ros_ws/src/rover/include/rover/publisher.h:10[m[K,
[3.786s]                  from [01m[K/home/alberto/assegnamento_PSE/assegnamento-nov-dic-2022-alberto-piccina/ros_ws/src/rover/src/publisher.cpp:2[m[K:
[3.786s] [01m[K/home/alberto/assegnamento_PSE/assegnamento-nov-dic-2022-alberto-piccina/ros_ws/src/rover/include/Server/Server.h:21:7:[m[K [01;36m[Knote: [m[Kâ€˜[01m[KServer::Server(const Server&)[m[Kâ€™ is implicitly deleted because the default definition would be ill-formed:
[3.786s]    21 | class [01;36m[KServer[m[K {
[3.786s]       |       [01;36m[K^~~~~~[m[K
[3.786s] [01m[K/home/alberto/assegnamento_PSE/assegnamento-nov-dic-2022-alberto-piccina/ros_ws/src/rover/include/Server/Server.h:21:7:[m[K [01;31m[Kerror: [m[Kuse of deleted function â€˜[01m[Kstd::mutex::mutex(const std::mutex&)[m[Kâ€™
[3.786s] In file included from [01m[K/usr/include/c++/11/bits/atomic_wait.h:49[m[K,
[3.786s]                  from [01m[K/usr/include/c++/11/bits/atomic_base.h:41[m[K,
[3.786s]                  from [01m[K/usr/include/c++/11/bits/shared_ptr_atomic.h:33[m[K,
[3.787s]                  from [01m[K/usr/include/c++/11/memory:78[m[K,
[3.787s]                  from [01m[K/opt/ros/humble/include/rclcpp/rclcpp/rclcpp.hpp:153[m[K,
[3.787s]                  from [01m[K/home/alberto/assegnamento_PSE/assegnamento-nov-dic-2022-alberto-piccina/ros_ws/src/rover/include/rover/publisher.h:4[m[K,
[3.787s]                  from [01m[K/home/alberto/assegnamento_PSE/assegnamento-nov-dic-2022-alberto-piccina/ros_ws/src/rover/src/publisher.cpp:2[m[K:
[3.787s] [01m[K/usr/include/c++/11/bits/std_mutex.h:94:5:[m[K [01;36m[Knote: [m[Kdeclared here
[3.787s]    94 |     [01;36m[Kmutex[m[K(const mutex&) = delete;
[3.787s]       |     [01;36m[K^~~~~[m[K
[3.787s] In file included from [01m[K/home/alberto/assegnamento_PSE/assegnamento-nov-dic-2022-alberto-piccina/ros_ws/src/rover/include/rover/publisher.h:10[m[K,
[3.787s]                  from [01m[K/home/alberto/assegnamento_PSE/assegnamento-nov-dic-2022-alberto-piccina/ros_ws/src/rover/src/publisher.cpp:2[m[K:
[3.787s] [01m[K/home/alberto/assegnamento_PSE/assegnamento-nov-dic-2022-alberto-piccina/ros_ws/src/rover/include/Server/Server.h:21:7:[m[K [01;31m[Kerror: [m[Kuse of deleted function â€˜[01m[Kstd::condition_variable::condition_variable(const std::condition_variable&)[m[Kâ€™
[3.787s]    21 | class [01;31m[KServer[m[K {
[3.787s]       |       [01;31m[K^~~~~~[m[K
[3.787s] In file included from [01m[K/usr/include/c++/11/future:39[m[K,
[3.787s]                  from [01m[K/opt/ros/humble/include/rclcpp/rclcpp/executors.hpp:18[m[K,
[3.787s]                  from [01m[K/opt/ros/humble/include/rclcpp/rclcpp/rclcpp.hpp:155[m[K,
[3.787s]                  from [01m[K/home/alberto/assegnamento_PSE/assegnamento-nov-dic-2022-alberto-piccina/ros_ws/src/rover/include/rover/publisher.h:4[m[K,
[3.787s]                  from [01m[K/home/alberto/assegnamento_PSE/assegnamento-nov-dic-2022-alberto-piccina/ros_ws/src/rover/src/publisher.cpp:2[m[K:
[3.787s] [01m[K/usr/include/c++/11/condition_variable:86:5:[m[K [01;36m[Knote: [m[Kdeclared here
[3.787s]    86 |     [01;36m[Kcondition_variable[m[K(const condition_variable&) = delete;
[3.787s]       |     [01;36m[K^~~~~~~~~~~~~~~~~~[m[K
[3.787s] In file included from [01m[K/home/alberto/assegnamento_PSE/assegnamento-nov-dic-2022-alberto-piccina/ros_ws/src/rover/include/rover/publisher.h:10[m[K,
[3.788s]                  from [01m[K/home/alberto/assegnamento_PSE/assegnamento-nov-dic-2022-alberto-piccina/ros_ws/src/rover/src/publisher.cpp:2[m[K:
[3.788s] [01m[K/home/alberto/assegnamento_PSE/assegnamento-nov-dic-2022-alberto-piccina/ros_ws/src/rover/include/Server/Server.h:21:7:[m[K [01;31m[Kerror: [m[Kuse of deleted function â€˜[01m[Kstd::condition_variable::condition_variable(const std::condition_variable&)[m[Kâ€™
[3.788s]    21 | class [01;31m[KServer[m[K {
[3.788s]       |       [01;31m[K^~~~~~[m[K
[3.788s] In file included from [01m[K/usr/include/c++/11/future:39[m[K,
[3.788s]                  from [01m[K/opt/ros/humble/include/rclcpp/rclcpp/executors.hpp:18[m[K,
[3.788s]                  from [01m[K/opt/ros/humble/include/rclcpp/rclcpp/rclcpp.hpp:155[m[K,
[3.788s]                  from [01m[K/home/alberto/assegnamento_PSE/assegnamento-nov-dic-2022-alberto-piccina/ros_ws/src/rover/include/rover/publisher.h:4[m[K,
[3.788s]                  from [01m[K/home/alberto/assegnamento_PSE/assegnamento-nov-dic-2022-alberto-piccina/ros_ws/src/rover/src/publisher.cpp:2[m[K:
[3.788s] [01m[K/usr/include/c++/11/condition_variable:86:5:[m[K [01;36m[Knote: [m[Kdeclared here
[3.788s]    86 |     [01;36m[Kcondition_variable[m[K(const condition_variable&) = delete;
[3.788s]       |     [01;36m[K^~~~~~~~~~~~~~~~~~[m[K
[3.795s] [01m[K/home/alberto/assegnamento_PSE/assegnamento-nov-dic-2022-alberto-piccina/ros_ws/src/rover/src/publisher.cpp:[m[K In member function â€˜[01m[Kvoid Rover::timer_callback()[m[Kâ€™:
[3.795s] [01m[K/home/alberto/assegnamento_PSE/assegnamento-nov-dic-2022-alberto-piccina/ros_ws/src/rover/src/publisher.cpp:26:10:[m[K [01;31m[Kerror: [m[Kâ€˜[01m[Kosyncstream[m[Kâ€™ is not a member of â€˜[01m[Kstd[m[Kâ€™; did you mean â€˜[01m[Kostringstream[m[Kâ€™?
[3.795s]    26 |     std::[01;31m[Kosyncstream[m[K sync_cout(std::cout);
[3.795s]       |          [01;31m[K^~~~~~~~~~~[m[K
[3.795s]       |          [32m[Kostringstream[m[K
[3.798s] [01m[K/home/alberto/assegnamento_PSE/assegnamento-nov-dic-2022-alberto-piccina/ros_ws/src/rover/src/main.cpp:[m[K In function â€˜[01m[Kint main(int, char**)[m[Kâ€™:
[3.798s] [01m[K/home/alberto/assegnamento_PSE/assegnamento-nov-dic-2022-alberto-piccina/ros_ws/src/rover/src/main.cpp:67:77:[m[K [01;31m[Kerror: [m[Kuse of deleted function â€˜[01m[KServer::Server(const Server&)[m[Kâ€™
[3.798s]    67 |         list_of_rovers.push_back(Rover(list_of_robots.at(i), monitor, i, 0.5[01;31m[K)[m[K);
[3.798s]       |                                                                             [01;31m[K^[m[K
[3.798s] In file included from [01m[K/home/alberto/assegnamento_PSE/assegnamento-nov-dic-2022-alberto-piccina/ros_ws/src/rover/include/rover/publisher.h:10[m[K,
[3.798s]                  from [01m[K/home/alberto/assegnamento_PSE/assegnamento-nov-dic-2022-alberto-piccina/ros_ws/src/rover/src/main.cpp:2[m[K:
[3.798s] [01m[K/home/alberto/assegnamento_PSE/assegnamento-nov-dic-2022-alberto-piccina/ros_ws/src/rover/include/Server/Server.h:21:7:[m[K [01;36m[Knote: [m[Kâ€˜[01m[KServer::Server(const Server&)[m[Kâ€™ is implicitly deleted because the default definition would be ill-formed:
[3.799s]    21 | class [01;36m[KServer[m[K {
[3.799s]       |       [01;36m[K^~~~~~[m[K
[3.799s] [01m[K/home/alberto/assegnamento_PSE/assegnamento-nov-dic-2022-alberto-piccina/ros_ws/src/rover/include/Server/Server.h:21:7:[m[K [01;31m[Kerror: [m[Kuse of deleted function â€˜[01m[Kstd::mutex::mutex(const std::mutex&)[m[Kâ€™
[3.799s] In file included from [01m[K/usr/include/c++/11/bits/atomic_wait.h:49[m[K,
[3.799s]                  from [01m[K/usr/include/c++/11/bits/atomic_base.h:41[m[K,
[3.799s]                  from [01m[K/usr/include/c++/11/bits/shared_ptr_atomic.h:33[m[K,
[3.799s]                  from [01m[K/usr/include/c++/11/memory:78[m[K,
[3.799s]                  from [01m[K/opt/ros/humble/include/rclcpp/rclcpp/rclcpp.hpp:153[m[K,
[3.799s]                  from [01m[K/home/alberto/assegnamento_PSE/assegnamento-nov-dic-2022-alberto-piccina/ros_ws/src/rover/src/main.cpp:1[m[K:
[3.800s] [01m[K/usr/include/c++/11/bits/std_mutex.h:94:5:[m[K [01;36m[Knote: [m[Kdeclared here
[3.800s]    94 |     [01;36m[Kmutex[m[K(const mutex&) = delete;
[3.800s]       |     [01;36m[K^~~~~[m[K
[3.800s] In file included from [01m[K/home/alberto/assegnamento_PSE/assegnamento-nov-dic-2022-alberto-piccina/ros_ws/src/rover/include/rover/publisher.h:10[m[K,
[3.800s]                  from [01m[K/home/alberto/assegnamento_PSE/assegnamento-nov-dic-2022-alberto-piccina/ros_ws/src/rover/src/main.cpp:2[m[K:
[3.800s] [01m[K/home/alberto/assegnamento_PSE/assegnamento-nov-dic-2022-alberto-piccina/ros_ws/src/rover/include/Server/Server.h:21:7:[m[K [01;31m[Kerror: [m[Kuse of deleted function â€˜[01m[Kstd::condition_variable::condition_variable(const std::condition_variable&)[m[Kâ€™
[3.800s]    21 | class [01;31m[KServer[m[K {
[3.800s]       |       [01;31m[K^~~~~~[m[K
[3.800s] In file included from [01m[K/usr/include/c++/11/future:39[m[K,
[3.800s]                  from [01m[K/opt/ros/humble/include/rclcpp/rclcpp/executors.hpp:18[m[K,
[3.800s]                  from [01m[K/opt/ros/humble/include/rclcpp/rclcpp/rclcpp.hpp:155[m[K,
[3.800s]                  from [01m[K/home/alberto/assegnamento_PSE/assegnamento-nov-dic-2022-alberto-piccina/ros_ws/src/rover/src/main.cpp:1[m[K:
[3.800s] [01m[K/usr/include/c++/11/condition_variable:86:5:[m[K [01;36m[Knote: [m[Kdeclared here
[3.800s]    86 |     [01;36m[Kcondition_variable[m[K(const condition_variable&) = delete;
[3.800s]       |     [01;36m[K^~~~~~~~~~~~~~~~~~[m[K
[3.800s] In file included from [01m[K/home/alberto/assegnamento_PSE/assegnamento-nov-dic-2022-alberto-piccina/ros_ws/src/rover/include/rover/publisher.h:10[m[K,
[3.800s]                  from [01m[K/home/alberto/assegnamento_PSE/assegnamento-nov-dic-2022-alberto-piccina/ros_ws/src/rover/src/main.cpp:2[m[K:
[3.800s] [01m[K/home/alberto/assegnamento_PSE/assegnamento-nov-dic-2022-alberto-piccina/ros_ws/src/rover/include/Server/Server.h:21:7:[m[K [01;31m[Kerror: [m[Kuse of deleted function â€˜[01m[Kstd::condition_variable::condition_variable(const std::condition_variable&)[m[Kâ€™
[3.801s]    21 | class [01;31m[KServer[m[K {
[3.801s]       |       [01;31m[K^~~~~~[m[K
[3.801s] In file included from [01m[K/usr/include/c++/11/future:39[m[K,
[3.801s]                  from [01m[K/opt/ros/humble/include/rclcpp/rclcpp/executors.hpp:18[m[K,
[3.801s]                  from [01m[K/opt/ros/humble/include/rclcpp/rclcpp/rclcpp.hpp:155[m[K,
[3.801s]                  from [01m[K/home/alberto/assegnamento_PSE/assegnamento-nov-dic-2022-alberto-piccina/ros_ws/src/rover/src/main.cpp:1[m[K:
[3.801s] [01m[K/usr/include/c++/11/condition_variable:86:5:[m[K [01;36m[Knote: [m[Kdeclared here
[3.801s]    86 |     [01;36m[Kcondition_variable[m[K(const condition_variable&) = delete;
[3.801s]       |     [01;36m[K^~~~~~~~~~~~~~~~~~[m[K
[3.801s] In file included from [01m[K/home/alberto/assegnamento_PSE/assegnamento-nov-dic-2022-alberto-piccina/ros_ws/src/rover/src/main.cpp:2[m[K:
[3.801s] [01m[K/home/alberto/assegnamento_PSE/assegnamento-nov-dic-2022-alberto-piccina/ros_ws/src/rover/include/rover/publisher.h:18:29:[m[K [01;36m[Knote: [m[K  initializing argument 2 of â€˜[01m[KRover::Rover(Robot, Server, int, double)[m[Kâ€™
[3.801s]    18 |   Rover(Robot robot, [01;36m[KServer monitor[m[K, int id, double speed);
[3.801s]       |                      [01;36m[K~~~~~~~^~~~~~~[m[K
[3.803s] [01m[K/home/alberto/assegnamento_PSE/assegnamento-nov-dic-2022-alberto-piccina/ros_ws/src/rover/src/publisher.cpp:27:5:[m[K [01;31m[Kerror: [m[Kâ€˜[01m[Ksync_cout[m[Kâ€™ was not declared in this scope
[3.803s]    27 |     [01;31m[Ksync_cout[m[K << "Robot " << robot_.id() << "moved to (" << robot_.coordinates().x() << "," << robot_.coordinates().y() << ")" << std::endl;
[3.803s]       |     [01;31m[K^~~~~~~~~[m[K
[3.804s] [01m[K/home/alberto/assegnamento_PSE/assegnamento-nov-dic-2022-alberto-piccina/ros_ws/src/rover/src/main.cpp:75:43:[m[K [01;31m[Kerror: [m[Kâ€˜[01m[Kconsumer[m[Kâ€™ was not declared in this scope
[3.804s]    75 |       robots_thread.push_back(std::thread([01;31m[Kconsumer[m[K, i, list_of_robots.at(i)));
[3.804s]       |                                           [01;31m[K^~~~~~~~[m[K
[3.806s] [01m[K/home/alberto/assegnamento_PSE/assegnamento-nov-dic-2022-alberto-piccina/ros_ws/src/rover/src/publisher.cpp:[m[K In member function â€˜[01m[Kvoid Rover::new_goal()[m[Kâ€™:
[3.807s] [01m[K/home/alberto/assegnamento_PSE/assegnamento-nov-dic-2022-alberto-piccina/ros_ws/src/rover/src/publisher.cpp:43:8:[m[K [01;31m[Kerror: [m[Kâ€˜[01m[Kosyncstream[m[Kâ€™ is not a member of â€˜[01m[Kstd[m[Kâ€™; did you mean â€˜[01m[Kostringstream[m[Kâ€™?
[3.807s]    43 |   std::[01;31m[Kosyncstream[m[K robot_cout(std::cout);
[3.807s]       |        [01;31m[K^~~~~~~~~~~[m[K
[3.807s]       |        [32m[Kostringstream[m[K
[3.814s] [01m[K/home/alberto/assegnamento_PSE/assegnamento-nov-dic-2022-alberto-piccina/ros_ws/src/rover/src/publisher.cpp:44:3:[m[K [01;31m[Kerror: [m[Kâ€˜[01m[Krobot_cout[m[Kâ€™ was not declared in this scope; did you mean â€˜[01m[Krobot_[m[Kâ€™?
[3.814s]    44 |   [01;31m[Krobot_cout[m[K << "Robot " << robot_.id() << " fetched (" << robot.goal_position().x() + robot.map().origin().x() << "," << robot.goal_position().y() + robot.map().origin().y() << ")" << std::endl;
[3.814s]       |   [01;31m[K^~~~~~~~~~[m[K
[3.815s]       |   [32m[Krobot_[m[K
[3.819s] [01m[K/home/alberto/assegnamento_PSE/assegnamento-nov-dic-2022-alberto-piccina/ros_ws/src/rover/src/publisher.cpp:44:60:[m[K [01;31m[Kerror: [m[Kâ€˜[01m[Krobot[m[Kâ€™ was not declared in this scope; did you mean â€˜[01m[KRobot[m[Kâ€™?
[3.819s]    44 |   robot_cout << "Robot " << robot_.id() << " fetched (" << [01;31m[Krobot[m[K.goal_position().x() + robot.map().origin().x() << "," << robot.goal_position().y() + robot.map().origin().y() << ")" << std::endl;
[3.819s]       |                                                            [01;31m[K^~~~~[m[K
[3.820s]       |                                                            [32m[KRobot[m[K
[5.225s] gmake[2]: *** [CMakeFiles/rover_node.dir/build.make:76: CMakeFiles/rover_node.dir/src/main.cpp.o] Error 1
[5.225s] gmake[2]: *** Waiting for unfinished jobs....
[5.226s] gmake[2]: *** [CMakeFiles/rover_node.dir/build.make:90: CMakeFiles/rover_node.dir/src/publisher.cpp.o] Error 1
[5.226s] gmake[1]: *** [CMakeFiles/Makefile2:137: CMakeFiles/rover_node.dir/all] Error 2
[5.226s] gmake: *** [Makefile:146: all] Error 2
[5.621s] Invoked command in '/home/alberto/assegnamento_PSE/assegnamento-nov-dic-2022-alberto-piccina/ros_ws/build/rover' returned '2': AMENT_PREFIX_PATH=/home/alberto/assegnamento_PSE/assegnamento-nov-dic-2022-alberto-piccina/ros_ws/install/rover_visualizer:${AMENT_PREFIX_PATH} CMAKE_PREFIX_PATH=/home/alberto/assegnamento_PSE/assegnamento-nov-dic-2022-alberto-piccina/ros_ws/install/rover_visualizer:/opt/ros/humble LD_LIBRARY_PATH=/home/alberto/assegnamento_PSE/assegnamento-nov-dic-2022-alberto-piccina/ros_ws/install/rover_visualizer/lib:${LD_LIBRARY_PATH} PYTHONPATH=/home/alberto/assegnamento_PSE/assegnamento-nov-dic-2022-alberto-piccina/ros_ws/install/rover_visualizer/local/lib/python3.10/dist-packages:${PYTHONPATH} /usr/bin/cmake --build /home/alberto/assegnamento_PSE/assegnamento-nov-dic-2022-alberto-piccina/ros_ws/build/rover -- -j6 -l6
