[35m[1mConsolidate compiler generated dependencies of target rover_node[0m
[ 33%] [32mBuilding CXX object CMakeFiles/rover_node.dir/src/main.cpp.o[0m
[ 33%] [32mBuilding CXX object CMakeFiles/rover_node.dir/src/publisher.cpp.o[0m
[01m[K/home/alberto/assegnamento_PSE/assegnamento-nov-dic-2022-alberto-piccina/ros_ws/src/rover/src/publisher.cpp:[m[K In constructor â€˜[01m[KRover::Rover(Robot, Server&, int, double)[m[Kâ€™:
[01m[K/home/alberto/assegnamento_PSE/assegnamento-nov-dic-2022-alberto-piccina/ros_ws/src/rover/src/publisher.cpp:13:26:[m[K [01;31m[Kerror: [m[Kuse of deleted function â€˜[01m[KServer::Server(const Server&)[m[Kâ€™
   13 |         : robot_{robot}, [01;31m[Kmonitor_{monitor}[m[K, id_(id), speed_(speed)
      |                          [01;31m[K^~~~~~~~~~~~~~~~~[m[K
In file included from [01m[K/home/alberto/assegnamento_PSE/assegnamento-nov-dic-2022-alberto-piccina/ros_ws/src/rover/include/rover/publisher.h:10[m[K,
                 from [01m[K/home/alberto/assegnamento_PSE/assegnamento-nov-dic-2022-alberto-piccina/ros_ws/src/rover/src/publisher.cpp:2[m[K:
[01m[K/home/alberto/assegnamento_PSE/assegnamento-nov-dic-2022-alberto-piccina/ros_ws/src/rover/include/Server/Server.h:21:7:[m[K [01;36m[Knote: [m[Kâ€˜[01m[KServer::Server(const Server&)[m[Kâ€™ is implicitly deleted because the default definition would be ill-formed:
   21 | class [01;36m[KServer[m[K {
      |       [01;36m[K^~~~~~[m[K
[01m[K/home/alberto/assegnamento_PSE/assegnamento-nov-dic-2022-alberto-piccina/ros_ws/src/rover/include/Server/Server.h:21:7:[m[K [01;31m[Kerror: [m[Kuse of deleted function â€˜[01m[Kstd::mutex::mutex(const std::mutex&)[m[Kâ€™
In file included from [01m[K/usr/include/c++/11/bits/atomic_wait.h:49[m[K,
                 from [01m[K/usr/include/c++/11/bits/atomic_base.h:41[m[K,
                 from [01m[K/usr/include/c++/11/bits/shared_ptr_atomic.h:33[m[K,
                 from [01m[K/usr/include/c++/11/memory:78[m[K,
                 from [01m[K/opt/ros/humble/include/rclcpp/rclcpp/rclcpp.hpp:153[m[K,
                 from [01m[K/home/alberto/assegnamento_PSE/assegnamento-nov-dic-2022-alberto-piccina/ros_ws/src/rover/include/rover/publisher.h:4[m[K,
                 from [01m[K/home/alberto/assegnamento_PSE/assegnamento-nov-dic-2022-alberto-piccina/ros_ws/src/rover/src/publisher.cpp:2[m[K:
[01m[K/usr/include/c++/11/bits/std_mutex.h:94:5:[m[K [01;36m[Knote: [m[Kdeclared here
   94 |     [01;36m[Kmutex[m[K(const mutex&) = delete;
      |     [01;36m[K^~~~~[m[K
In file included from [01m[K/home/alberto/assegnamento_PSE/assegnamento-nov-dic-2022-alberto-piccina/ros_ws/src/rover/include/rover/publisher.h:10[m[K,
                 from [01m[K/home/alberto/assegnamento_PSE/assegnamento-nov-dic-2022-alberto-piccina/ros_ws/src/rover/src/publisher.cpp:2[m[K:
[01m[K/home/alberto/assegnamento_PSE/assegnamento-nov-dic-2022-alberto-piccina/ros_ws/src/rover/include/Server/Server.h:21:7:[m[K [01;31m[Kerror: [m[Kuse of deleted function â€˜[01m[Kstd::condition_variable::condition_variable(const std::condition_variable&)[m[Kâ€™
   21 | class [01;31m[KServer[m[K {
      |       [01;31m[K^~~~~~[m[K
In file included from [01m[K/usr/include/c++/11/future:39[m[K,
                 from [01m[K/opt/ros/humble/include/rclcpp/rclcpp/executors.hpp:18[m[K,
                 from [01m[K/opt/ros/humble/include/rclcpp/rclcpp/rclcpp.hpp:155[m[K,
                 from [01m[K/home/alberto/assegnamento_PSE/assegnamento-nov-dic-2022-alberto-piccina/ros_ws/src/rover/include/rover/publisher.h:4[m[K,
                 from [01m[K/home/alberto/assegnamento_PSE/assegnamento-nov-dic-2022-alberto-piccina/ros_ws/src/rover/src/publisher.cpp:2[m[K:
[01m[K/usr/include/c++/11/condition_variable:86:5:[m[K [01;36m[Knote: [m[Kdeclared here
   86 |     [01;36m[Kcondition_variable[m[K(const condition_variable&) = delete;
      |     [01;36m[K^~~~~~~~~~~~~~~~~~[m[K
In file included from [01m[K/home/alberto/assegnamento_PSE/assegnamento-nov-dic-2022-alberto-piccina/ros_ws/src/rover/include/rover/publisher.h:10[m[K,
                 from [01m[K/home/alberto/assegnamento_PSE/assegnamento-nov-dic-2022-alberto-piccina/ros_ws/src/rover/src/publisher.cpp:2[m[K:
[01m[K/home/alberto/assegnamento_PSE/assegnamento-nov-dic-2022-alberto-piccina/ros_ws/src/rover/include/Server/Server.h:21:7:[m[K [01;31m[Kerror: [m[Kuse of deleted function â€˜[01m[Kstd::condition_variable::condition_variable(const std::condition_variable&)[m[Kâ€™
   21 | class [01;31m[KServer[m[K {
      |       [01;31m[K^~~~~~[m[K
In file included from [01m[K/usr/include/c++/11/future:39[m[K,
                 from [01m[K/opt/ros/humble/include/rclcpp/rclcpp/executors.hpp:18[m[K,
                 from [01m[K/opt/ros/humble/include/rclcpp/rclcpp/rclcpp.hpp:155[m[K,
                 from [01m[K/home/alberto/assegnamento_PSE/assegnamento-nov-dic-2022-alberto-piccina/ros_ws/src/rover/include/rover/publisher.h:4[m[K,
                 from [01m[K/home/alberto/assegnamento_PSE/assegnamento-nov-dic-2022-alberto-piccina/ros_ws/src/rover/src/publisher.cpp:2[m[K:
[01m[K/usr/include/c++/11/condition_variable:86:5:[m[K [01;36m[Knote: [m[Kdeclared here
   86 |     [01;36m[Kcondition_variable[m[K(const condition_variable&) = delete;
      |     [01;36m[K^~~~~~~~~~~~~~~~~~[m[K
In file included from [01m[K/usr/include/c++/11/stop_token:35[m[K,
                 from [01m[K/usr/include/c++/11/condition_variable:47[m[K,
                 from [01m[K/usr/include/c++/11/future:39[m[K,
                 from [01m[K/opt/ros/humble/include/rclcpp/rclcpp/executors.hpp:18[m[K,
                 from [01m[K/opt/ros/humble/include/rclcpp/rclcpp/rclcpp.hpp:155[m[K,
                 from [01m[K/home/alberto/assegnamento_PSE/assegnamento-nov-dic-2022-alberto-piccina/ros_ws/src/rover/src/main.cpp:1[m[K:
/usr/include/c++/11/bits/std_thread.h: In instantiation of â€˜[01m[Kstd::thread::thread(_Callable&&, _Args&& ...) [with _Callable = Rover; _Args = {}; <template-parameter-1-3> = void][m[Kâ€™:
[01m[K/home/alberto/assegnamento_PSE/assegnamento-nov-dic-2022-alberto-piccina/ros_ws/src/rover/src/main.cpp:73:65:[m[K   required from here
[01m[K/usr/include/c++/11/bits/std_thread.h:130:72:[m[K [01;31m[Kerror: [m[Kstatic assertion failed: std::thread arguments must be invocable after conversion to rvalues
  130 |                                       typename decay<_Args>::type...>::[01;31m[Kvalue[m[K,
      |                                                                        [01;31m[K^~~~~[m[K
[01m[K/usr/include/c++/11/bits/std_thread.h:130:72:[m[K [01;36m[Knote: [m[Kâ€˜[01m[Kstd::integral_constant<bool, false>::value[m[Kâ€™ evaluates to false
/usr/include/c++/11/bits/std_thread.h: In instantiation of â€˜[01m[Kstruct std::thread::_Invoker<std::tuple<Rover> >[m[Kâ€™:
[01m[K/usr/include/c++/11/bits/std_thread.h:203:13:[m[K   required from â€˜[01m[Kstruct std::thread::_State_impl<std::thread::_Invoker<std::tuple<Rover> > >[m[Kâ€™
[01m[K/usr/include/c++/11/bits/std_thread.h:143:29:[m[K   required from â€˜[01m[Kstd::thread::thread(_Callable&&, _Args&& ...) [with _Callable = Rover; _Args = {}; <template-parameter-1-3> = void][m[Kâ€™
[01m[K/home/alberto/assegnamento_PSE/assegnamento-nov-dic-2022-alberto-piccina/ros_ws/src/rover/src/main.cpp:73:65:[m[K   required from here
[01m[K/usr/include/c++/11/bits/std_thread.h:252:11:[m[K [01;31m[Kerror: [m[Kno type named â€˜[01m[Ktype[m[Kâ€™ in â€˜[01m[Kstruct std::thread::_Invoker<std::tuple<Rover> >::__result<std::tuple<Rover> >[m[Kâ€™
  252 |           [01;31m[K_M_invoke[m[K(_Index_tuple<_Ind...>)
      |           [01;31m[K^~~~~~~~~[m[K
[01m[K/usr/include/c++/11/bits/std_thread.h:256:9:[m[K [01;31m[Kerror: [m[Kno type named â€˜[01m[Ktype[m[Kâ€™ in â€˜[01m[Kstruct std::thread::_Invoker<std::tuple<Rover> >::__result<std::tuple<Rover> >[m[Kâ€™
  256 |         [01;31m[Koperator[m[K()()
      |         [01;31m[K^~~~~~~~[m[K
gmake[2]: *** [CMakeFiles/rover_node.dir/build.make:90: CMakeFiles/rover_node.dir/src/publisher.cpp.o] Error 1
gmake[2]: *** Waiting for unfinished jobs....
gmake[2]: *** [CMakeFiles/rover_node.dir/build.make:76: CMakeFiles/rover_node.dir/src/main.cpp.o] Error 1
gmake[1]: *** [CMakeFiles/Makefile2:137: CMakeFiles/rover_node.dir/all] Error 2
gmake: *** [Makefile:146: all] Error 2
