/usr/bin/ld: CMakeFiles/rover_node.dir/src/publisher.cpp.o:/home/alberto/assegnamento_PSE/assegnamento-nov-dic-2022-alberto-piccina/ros_ws/src/rover/include/Robot/Robot.h:14: multiple definition of `robot_mutex'; CMakeFiles/rover_node.dir/src/main.cpp.o:/home/alberto/assegnamento_PSE/assegnamento-nov-dic-2022-alberto-piccina/ros_ws/src/rover/include/Robot/Robot.h:14: first defined here
/usr/bin/ld: CMakeFiles/rover_node.dir/src/Robot.cpp.o:/home/alberto/assegnamento_PSE/assegnamento-nov-dic-2022-alberto-piccina/ros_ws/src/rover/include/Robot/Robot.h:14: multiple definition of `robot_mutex'; CMakeFiles/rover_node.dir/src/main.cpp.o:/home/alberto/assegnamento_PSE/assegnamento-nov-dic-2022-alberto-piccina/ros_ws/src/rover/include/Robot/Robot.h:14: first defined here
/usr/bin/ld: CMakeFiles/rover_node.dir/src/Server.cpp.o:/home/alberto/assegnamento_PSE/assegnamento-nov-dic-2022-alberto-piccina/ros_ws/src/rover/include/Robot/Robot.h:14: multiple definition of `robot_mutex'; CMakeFiles/rover_node.dir/src/main.cpp.o:/home/alberto/assegnamento_PSE/assegnamento-nov-dic-2022-alberto-piccina/ros_ws/src/rover/include/Robot/Robot.h:14: first defined here
collect2: error: ld returned 1 exit status
gmake[2]: *** [CMakeFiles/rover_node.dir/build.make:255: rover] Error 1
gmake[1]: *** [CMakeFiles/Makefile2:137: CMakeFiles/rover_node.dir/all] Error 2
gmake: *** [Makefile:146: all] Error 2
