[35m[1mConsolidate compiler generated dependencies of target rover_node[0m
[ 33%] [32mBuilding CXX object CMakeFiles/rover_node.dir/src/publisher.cpp.o[0m
[ 33%] [32mBuilding CXX object CMakeFiles/rover_node.dir/src/main.cpp.o[0m
[ 66%] [32mBuilding CXX object CMakeFiles/rover_node.dir/src/Map.cpp.o[0m
[ 50%] [32mBuilding CXX object CMakeFiles/rover_node.dir/src/Robot.cpp.o[0m
[ 83%] [32mBuilding CXX object CMakeFiles/rover_node.dir/src/Server.cpp.o[0m
[01m[K/home/alberto/assegnamento_PSE/assegnamento-nov-dic-2022-alberto-piccina/ros_ws/src/rover/src/Map.cpp:[m[K In member function â€˜[01m[Kdouble Cell::potential_calculation(const Position&, const std::vector<Position>&, double)[m[Kâ€™:
[01m[K/home/alberto/assegnamento_PSE/assegnamento-nov-dic-2022-alberto-piccina/ros_ws/src/rover/src/Map.cpp:360:35:[m[K [01;31m[Kerror: [m[Kâ€˜[01m[Kzeta_[m[Kâ€™ was not declared in this scope
  360 |     double attractive_field{0.5 * [01;31m[Kzeta_[m[K * pow(distance,2)};
      |                                   [01;31m[K^~~~~[m[K
[01m[K/home/alberto/assegnamento_PSE/assegnamento-nov-dic-2022-alberto-piccina/ros_ws/src/rover/src/Map.cpp:382:34:[m[K [01;31m[Kerror: [m[Kâ€˜[01m[Keta_[m[Kâ€™ was not declared in this scope
  382 |         repulsive_field = (0.5 * [01;31m[Keta_[m[K * pow(((1 / distance) - (1 / max_influence_distance)),2));
      |                                  [01;31m[K^~~~[m[K
gmake[2]: *** [CMakeFiles/rover_node.dir/build.make:104: CMakeFiles/rover_node.dir/src/Map.cpp.o] Error 1
gmake[2]: *** Waiting for unfinished jobs....
gmake[1]: *** [CMakeFiles/Makefile2:137: CMakeFiles/rover_node.dir/all] Error 2
gmake: *** [Makefile:146: all] Error 2
