[0.014s] Invoking command in '/home/alberto/assegnamento_PSE/assegnamento-nov-dic-2022-alberto-piccina/ros_ws/build/rover': AMENT_PREFIX_PATH=/home/alberto/assegnamento_PSE/assegnamento-nov-dic-2022-alberto-piccina/ros_ws/install/rover_visualizer:${AMENT_PREFIX_PATH} CMAKE_PREFIX_PATH=/home/alberto/assegnamento_PSE/assegnamento-nov-dic-2022-alberto-piccina/ros_ws/install/rover_visualizer:/opt/ros/humble LD_LIBRARY_PATH=/home/alberto/assegnamento_PSE/assegnamento-nov-dic-2022-alberto-piccina/ros_ws/install/rover_visualizer/lib:${LD_LIBRARY_PATH} PYTHONPATH=/home/alberto/assegnamento_PSE/assegnamento-nov-dic-2022-alberto-piccina/ros_ws/install/rover_visualizer/local/lib/python3.10/dist-packages:${PYTHONPATH} /usr/bin/cmake --build /home/alberto/assegnamento_PSE/assegnamento-nov-dic-2022-alberto-piccina/ros_ws/build/rover -- -j6 -l6
[0.061s] [35m[1mConsolidate compiler generated dependencies of target rover_node[0m
[0.088s] [ 16%] [32mBuilding CXX object CMakeFiles/rover_node.dir/src/main.cpp.o[0m
[0.088s] [ 33%] [32mBuilding CXX object CMakeFiles/rover_node.dir/src/publisher.cpp.o[0m
[0.088s] [ 50%] [32mBuilding CXX object CMakeFiles/rover_node.dir/src/Server.cpp.o[0m
[2.320s] [01m[K/home/alberto/assegnamento_PSE/assegnamento-nov-dic-2022-alberto-piccina/ros_ws/src/rover/src/publisher.cpp:[m[K In constructor â€˜[01m[KRover::Rover(Robot, Server&, int, double)[m[Kâ€™:
[2.320s] [01m[K/home/alberto/assegnamento_PSE/assegnamento-nov-dic-2022-alberto-piccina/ros_ws/src/rover/src/publisher.cpp:13:26:[m[K [01;31m[Kerror: [m[Kuse of deleted function â€˜[01m[KServer::Server(const Server&)[m[Kâ€™
[2.321s]    13 |         : robot_{robot}, [01;31m[Kmonitor_{monitor}[m[K, id_(id), speed_(speed)
[2.321s]       |                          [01;31m[K^~~~~~~~~~~~~~~~~[m[K
[2.321s] In file included from [01m[K/home/alberto/assegnamento_PSE/assegnamento-nov-dic-2022-alberto-piccina/ros_ws/src/rover/include/rover/publisher.h:10[m[K,
[2.321s]                  from [01m[K/home/alberto/assegnamento_PSE/assegnamento-nov-dic-2022-alberto-piccina/ros_ws/src/rover/src/publisher.cpp:2[m[K:
[2.321s] [01m[K/home/alberto/assegnamento_PSE/assegnamento-nov-dic-2022-alberto-piccina/ros_ws/src/rover/include/Server/Server.h:21:7:[m[K [01;36m[Knote: [m[Kâ€˜[01m[KServer::Server(const Server&)[m[Kâ€™ is implicitly deleted because the default definition would be ill-formed:
[2.321s]    21 | class [01;36m[KServer[m[K {
[2.321s]       |       [01;36m[K^~~~~~[m[K
[2.321s] [01m[K/home/alberto/assegnamento_PSE/assegnamento-nov-dic-2022-alberto-piccina/ros_ws/src/rover/include/Server/Server.h:21:7:[m[K [01;31m[Kerror: [m[Kuse of deleted function â€˜[01m[Kstd::mutex::mutex(const std::mutex&)[m[Kâ€™
[2.321s] In file included from [01m[K/usr/include/c++/11/bits/atomic_wait.h:49[m[K,
[2.321s]                  from [01m[K/usr/include/c++/11/bits/atomic_base.h:41[m[K,
[2.321s]                  from [01m[K/usr/include/c++/11/bits/shared_ptr_atomic.h:33[m[K,
[2.321s]                  from [01m[K/usr/include/c++/11/memory:78[m[K,
[2.321s]                  from [01m[K/opt/ros/humble/include/rclcpp/rclcpp/rclcpp.hpp:153[m[K,
[2.321s]                  from [01m[K/home/alberto/assegnamento_PSE/assegnamento-nov-dic-2022-alberto-piccina/ros_ws/src/rover/include/rover/publisher.h:4[m[K,
[2.321s]                  from [01m[K/home/alberto/assegnamento_PSE/assegnamento-nov-dic-2022-alberto-piccina/ros_ws/src/rover/src/publisher.cpp:2[m[K:
[2.321s] [01m[K/usr/include/c++/11/bits/std_mutex.h:94:5:[m[K [01;36m[Knote: [m[Kdeclared here
[2.322s]    94 |     [01;36m[Kmutex[m[K(const mutex&) = delete;
[2.322s]       |     [01;36m[K^~~~~[m[K
[2.322s] In file included from [01m[K/home/alberto/assegnamento_PSE/assegnamento-nov-dic-2022-alberto-piccina/ros_ws/src/rover/include/rover/publisher.h:10[m[K,
[2.322s]                  from [01m[K/home/alberto/assegnamento_PSE/assegnamento-nov-dic-2022-alberto-piccina/ros_ws/src/rover/src/publisher.cpp:2[m[K:
[2.322s] [01m[K/home/alberto/assegnamento_PSE/assegnamento-nov-dic-2022-alberto-piccina/ros_ws/src/rover/include/Server/Server.h:21:7:[m[K [01;31m[Kerror: [m[Kuse of deleted function â€˜[01m[Kstd::condition_variable::condition_variable(const std::condition_variable&)[m[Kâ€™
[2.322s]    21 | class [01;31m[KServer[m[K {
[2.322s]       |       [01;31m[K^~~~~~[m[K
[2.322s] In file included from [01m[K/usr/include/c++/11/future:39[m[K,
[2.322s]                  from [01m[K/opt/ros/humble/include/rclcpp/rclcpp/executors.hpp:18[m[K,
[2.322s]                  from [01m[K/opt/ros/humble/include/rclcpp/rclcpp/rclcpp.hpp:155[m[K,
[2.322s]                  from [01m[K/home/alberto/assegnamento_PSE/assegnamento-nov-dic-2022-alberto-piccina/ros_ws/src/rover/include/rover/publisher.h:4[m[K,
[2.322s]                  from [01m[K/home/alberto/assegnamento_PSE/assegnamento-nov-dic-2022-alberto-piccina/ros_ws/src/rover/src/publisher.cpp:2[m[K:
[2.322s] [01m[K/usr/include/c++/11/condition_variable:86:5:[m[K [01;36m[Knote: [m[Kdeclared here
[2.322s]    86 |     [01;36m[Kcondition_variable[m[K(const condition_variable&) = delete;
[2.322s]       |     [01;36m[K^~~~~~~~~~~~~~~~~~[m[K
[2.322s] In file included from [01m[K/home/alberto/assegnamento_PSE/assegnamento-nov-dic-2022-alberto-piccina/ros_ws/src/rover/include/rover/publisher.h:10[m[K,
[2.323s]                  from [01m[K/home/alberto/assegnamento_PSE/assegnamento-nov-dic-2022-alberto-piccina/ros_ws/src/rover/src/publisher.cpp:2[m[K:
[2.323s] [01m[K/home/alberto/assegnamento_PSE/assegnamento-nov-dic-2022-alberto-piccina/ros_ws/src/rover/include/Server/Server.h:21:7:[m[K [01;31m[Kerror: [m[Kuse of deleted function â€˜[01m[Kstd::condition_variable::condition_variable(const std::condition_variable&)[m[Kâ€™
[2.323s]    21 | class [01;31m[KServer[m[K {
[2.323s]       |       [01;31m[K^~~~~~[m[K
[2.323s] In file included from [01m[K/usr/include/c++/11/future:39[m[K,
[2.323s]                  from [01m[K/opt/ros/humble/include/rclcpp/rclcpp/executors.hpp:18[m[K,
[2.323s]                  from [01m[K/opt/ros/humble/include/rclcpp/rclcpp/rclcpp.hpp:155[m[K,
[2.323s]                  from [01m[K/home/alberto/assegnamento_PSE/assegnamento-nov-dic-2022-alberto-piccina/ros_ws/src/rover/include/rover/publisher.h:4[m[K,
[2.323s]                  from [01m[K/home/alberto/assegnamento_PSE/assegnamento-nov-dic-2022-alberto-piccina/ros_ws/src/rover/src/publisher.cpp:2[m[K:
[2.323s] [01m[K/usr/include/c++/11/condition_variable:86:5:[m[K [01;36m[Knote: [m[Kdeclared here
[2.323s]    86 |     [01;36m[Kcondition_variable[m[K(const condition_variable&) = delete;
[2.323s]       |     [01;36m[K^~~~~~~~~~~~~~~~~~[m[K
[2.423s] In file included from [01m[K/usr/include/c++/11/stop_token:35[m[K,
[2.423s]                  from [01m[K/usr/include/c++/11/condition_variable:47[m[K,
[2.423s]                  from [01m[K/usr/include/c++/11/future:39[m[K,
[2.424s]                  from [01m[K/opt/ros/humble/include/rclcpp/rclcpp/executors.hpp:18[m[K,
[2.424s]                  from [01m[K/opt/ros/humble/include/rclcpp/rclcpp/rclcpp.hpp:155[m[K,
[2.424s]                  from [01m[K/home/alberto/assegnamento_PSE/assegnamento-nov-dic-2022-alberto-piccina/ros_ws/src/rover/src/main.cpp:1[m[K:
[2.424s] /usr/include/c++/11/bits/std_thread.h: In instantiation of â€˜[01m[Kstd::thread::thread(_Callable&&, _Args&& ...) [with _Callable = Rover; _Args = {}; <template-parameter-1-3> = void][m[Kâ€™:
[2.424s] [01m[K/home/alberto/assegnamento_PSE/assegnamento-nov-dic-2022-alberto-piccina/ros_ws/src/rover/src/main.cpp:73:65:[m[K   required from here
[2.424s] [01m[K/usr/include/c++/11/bits/std_thread.h:130:72:[m[K [01;31m[Kerror: [m[Kstatic assertion failed: std::thread arguments must be invocable after conversion to rvalues
[2.424s]   130 |                                       typename decay<_Args>::type...>::[01;31m[Kvalue[m[K,
[2.424s]       |                                                                        [01;31m[K^~~~~[m[K
[2.424s] [01m[K/usr/include/c++/11/bits/std_thread.h:130:72:[m[K [01;36m[Knote: [m[Kâ€˜[01m[Kstd::integral_constant<bool, false>::value[m[Kâ€™ evaluates to false
[2.431s] /usr/include/c++/11/bits/std_thread.h: In instantiation of â€˜[01m[Kstruct std::thread::_Invoker<std::tuple<Rover> >[m[Kâ€™:
[2.431s] [01m[K/usr/include/c++/11/bits/std_thread.h:203:13:[m[K   required from â€˜[01m[Kstruct std::thread::_State_impl<std::thread::_Invoker<std::tuple<Rover> > >[m[Kâ€™
[2.431s] [01m[K/usr/include/c++/11/bits/std_thread.h:143:29:[m[K   required from â€˜[01m[Kstd::thread::thread(_Callable&&, _Args&& ...) [with _Callable = Rover; _Args = {}; <template-parameter-1-3> = void][m[Kâ€™
[2.431s] [01m[K/home/alberto/assegnamento_PSE/assegnamento-nov-dic-2022-alberto-piccina/ros_ws/src/rover/src/main.cpp:73:65:[m[K   required from here
[2.431s] [01m[K/usr/include/c++/11/bits/std_thread.h:252:11:[m[K [01;31m[Kerror: [m[Kno type named â€˜[01m[Ktype[m[Kâ€™ in â€˜[01m[Kstruct std::thread::_Invoker<std::tuple<Rover> >::__result<std::tuple<Rover> >[m[Kâ€™
[2.431s]   252 |           [01;31m[K_M_invoke[m[K(_Index_tuple<_Ind...>)
[2.431s]       |           [01;31m[K^~~~~~~~~[m[K
[2.431s] [01m[K/usr/include/c++/11/bits/std_thread.h:256:9:[m[K [01;31m[Kerror: [m[Kno type named â€˜[01m[Ktype[m[Kâ€™ in â€˜[01m[Kstruct std::thread::_Invoker<std::tuple<Rover> >::__result<std::tuple<Rover> >[m[Kâ€™
[2.431s]   256 |         [01;31m[Koperator[m[K()()
[2.431s]       |         [01;31m[K^~~~~~~~[m[K
[2.830s] gmake[2]: *** [CMakeFiles/rover_node.dir/build.make:90: CMakeFiles/rover_node.dir/src/publisher.cpp.o] Error 1
[2.830s] gmake[2]: *** Waiting for unfinished jobs....
[2.950s] gmake[2]: *** [CMakeFiles/rover_node.dir/build.make:76: CMakeFiles/rover_node.dir/src/main.cpp.o] Error 1
[2.950s] gmake[1]: *** [CMakeFiles/Makefile2:137: CMakeFiles/rover_node.dir/all] Error 2
[2.950s] gmake: *** [Makefile:146: all] Error 2
[2.953s] Invoked command in '/home/alberto/assegnamento_PSE/assegnamento-nov-dic-2022-alberto-piccina/ros_ws/build/rover' returned '2': AMENT_PREFIX_PATH=/home/alberto/assegnamento_PSE/assegnamento-nov-dic-2022-alberto-piccina/ros_ws/install/rover_visualizer:${AMENT_PREFIX_PATH} CMAKE_PREFIX_PATH=/home/alberto/assegnamento_PSE/assegnamento-nov-dic-2022-alberto-piccina/ros_ws/install/rover_visualizer:/opt/ros/humble LD_LIBRARY_PATH=/home/alberto/assegnamento_PSE/assegnamento-nov-dic-2022-alberto-piccina/ros_ws/install/rover_visualizer/lib:${LD_LIBRARY_PATH} PYTHONPATH=/home/alberto/assegnamento_PSE/assegnamento-nov-dic-2022-alberto-piccina/ros_ws/install/rover_visualizer/local/lib/python3.10/dist-packages:${PYTHONPATH} /usr/bin/cmake --build /home/alberto/assegnamento_PSE/assegnamento-nov-dic-2022-alberto-piccina/ros_ws/build/rover -- -j6 -l6
