[0.009s] Invoking command in '/home/alberto/assegnamento_PSE/assegnamento-nov-dic-2022-alberto-piccina/ros_ws/build/rover': CMAKE_PREFIX_PATH=/home/alberto/assegnamento_PSE/assegnamento-nov-dic-2022-alberto-piccina/ros_ws/install/rover_visualizer:/home/alberto/assegnamento_PSE/assegnamento-nov-dic-2022-alberto-piccina/ros_ws/install/rover:/opt/ros/humble /usr/bin/cmake --build /home/alberto/assegnamento_PSE/assegnamento-nov-dic-2022-alberto-piccina/ros_ws/build/rover -- -j6 -l6
[0.049s] [35m[1mConsolidate compiler generated dependencies of target rover_node[0m
[0.068s] [ 16%] [32mBuilding CXX object CMakeFiles/rover_node.dir/src/main.cpp.o[0m
[1.831s] [01m[K/home/alberto/assegnamento_PSE/assegnamento-nov-dic-2022-alberto-piccina/ros_ws/src/rover/src/main.cpp:[m[K In function â€˜[01m[Kint main(int, char**)[m[Kâ€™:
[1.832s] [01m[K/home/alberto/assegnamento_PSE/assegnamento-nov-dic-2022-alberto-piccina/ros_ws/src/rover/src/main.cpp:68:33:[m[K [01;31m[Kerror: [m[Kno matching function for call to â€˜[01m[Kstd::vector<Rover>::push_back(std::thread)[m[Kâ€™
[1.832s]    68 |         [01;31m[Krovers_threads.push_back(std::thread(Rover(list_of_robots.at(i), monitor, i, 0.2)))[m[K;
[1.832s]       |         [01;31m[K~~~~~~~~~~~~~~~~~~~~~~~~^~~~~~~~~~~~~~~~~~~~~~~~~~~~~~~~~~~~~~~~~~~~~~~~~~~~~~~~~~~[m[K
[1.834s] In file included from [01m[K/usr/include/c++/11/vector:67[m[K,
[1.834s]                  from [01m[K/usr/include/c++/11/functional:62[m[K,
[1.834s]                  from [01m[K/usr/include/c++/11/pstl/glue_algorithm_defs.h:13[m[K,
[1.834s]                  from [01m[K/usr/include/c++/11/algorithm:74[m[K,
[1.834s]                  from [01m[K/opt/ros/humble/include/rclcpp/rclcpp/executor.hpp:18[m[K,
[1.834s]                  from [01m[K/opt/ros/humble/include/rclcpp/rclcpp/executors/multi_threaded_executor.hpp:25[m[K,
[1.834s]                  from [01m[K/opt/ros/humble/include/rclcpp/rclcpp/executors.hpp:21[m[K,
[1.834s]                  from [01m[K/opt/ros/humble/include/rclcpp/rclcpp/rclcpp.hpp:155[m[K,
[1.834s]                  from [01m[K/home/alberto/assegnamento_PSE/assegnamento-nov-dic-2022-alberto-piccina/ros_ws/src/rover/src/main.cpp:1[m[K:
[1.834s] [01m[K/usr/include/c++/11/bits/stl_vector.h:1187:7:[m[K [01;36m[Knote: [m[Kcandidate: â€˜[01m[Kvoid std::vector<_Tp, _Alloc>::push_back(const value_type&) [with _Tp = Rover; _Alloc = std::allocator<Rover>; std::vector<_Tp, _Alloc>::value_type = Rover][m[Kâ€™
[1.834s]  1187 |       [01;36m[Kpush_back[m[K(const value_type& __x)
[1.834s]       |       [01;36m[K^~~~~~~~~[m[K
[1.834s] [01m[K/usr/include/c++/11/bits/stl_vector.h:1187:35:[m[K [01;36m[Knote: [m[K  no known conversion for argument 1 from â€˜[01m[Kstd::thread[m[Kâ€™ to â€˜[01m[Kconst value_type&[m[Kâ€™ {aka â€˜[01m[Kconst Rover&[m[Kâ€™}
[1.834s]  1187 |       push_back([01;36m[Kconst value_type& __x[m[K)
[1.834s]       |                 [01;36m[K~~~~~~~~~~~~~~~~~~^~~[m[K
[1.834s] [01m[K/usr/include/c++/11/bits/stl_vector.h:1203:7:[m[K [01;36m[Knote: [m[Kcandidate: â€˜[01m[Kvoid std::vector<_Tp, _Alloc>::push_back(std::vector<_Tp, _Alloc>::value_type&&) [with _Tp = Rover; _Alloc = std::allocator<Rover>; std::vector<_Tp, _Alloc>::value_type = Rover][m[Kâ€™
[1.834s]  1203 |       [01;36m[Kpush_back[m[K(value_type&& __x)
[1.834s]       |       [01;36m[K^~~~~~~~~[m[K
[1.834s] [01m[K/usr/include/c++/11/bits/stl_vector.h:1203:30:[m[K [01;36m[Knote: [m[K  no known conversion for argument 1 from â€˜[01m[Kstd::thread[m[Kâ€™ to â€˜[01m[Kstd::vector<Rover>::value_type&&[m[Kâ€™ {aka â€˜[01m[KRover&&[m[Kâ€™}
[1.834s]  1203 |       push_back([01;36m[Kvalue_type&& __x[m[K)
[1.834s]       |                 [01;36m[K~~~~~~~~~~~~~^~~[m[K
[1.837s] [01m[K/home/alberto/assegnamento_PSE/assegnamento-nov-dic-2022-alberto-piccina/ros_ws/src/rover/src/main.cpp:84:12:[m[K [01;31m[Kerror: [m[Kâ€˜[01m[Kclass Rover[m[Kâ€™ has no member named â€˜[01m[Kjoin[m[Kâ€™
[1.837s]    84 |         it.[01;31m[Kjoin[m[K();
[1.837s]       |            [01;31m[K^~~~[m[K
[2.319s] gmake[2]: *** [CMakeFiles/rover_node.dir/build.make:76: CMakeFiles/rover_node.dir/src/main.cpp.o] Error 1
[2.319s] gmake[1]: *** [CMakeFiles/Makefile2:137: CMakeFiles/rover_node.dir/all] Error 2
[2.319s] gmake: *** [Makefile:146: all] Error 2
[2.323s] Invoked command in '/home/alberto/assegnamento_PSE/assegnamento-nov-dic-2022-alberto-piccina/ros_ws/build/rover' returned '2': CMAKE_PREFIX_PATH=/home/alberto/assegnamento_PSE/assegnamento-nov-dic-2022-alberto-piccina/ros_ws/install/rover_visualizer:/home/alberto/assegnamento_PSE/assegnamento-nov-dic-2022-alberto-piccina/ros_ws/install/rover:/opt/ros/humble /usr/bin/cmake --build /home/alberto/assegnamento_PSE/assegnamento-nov-dic-2022-alberto-piccina/ros_ws/build/rover -- -j6 -l6
